Calling target program-options parser
[20:38:07.636] [bmv2] [D] [thread 6805] Set default default entry for table 'MyIngress.kvs': MyIngress.drop - 
Adding interface s1-eth1 as port 1
[20:38:07.637] [bmv2] [D] [thread 6805] Adding interface s1-eth1 as port 1
Server listening on 0.0.0.0:50051
[20:38:07.679] [bmv2] [I] [thread 6805] Starting Thrift server on port 9090
[20:38:07.680] [bmv2] [I] [thread 6805] Thrift server was started
[20:38:07.697] [bmv2] [D] [thread 6815] [0.0] [cxt 0] Processing packet received on port 1
[20:38:07.697] [bmv2] [D] [thread 6815] [0.0] [cxt 0] Parser 'parser': start
[20:38:07.697] [bmv2] [D] [thread 6815] [0.0] [cxt 0] Parser 'parser' entering state 'start'
[20:38:07.697] [bmv2] [D] [thread 6815] [0.0] [cxt 0] Extracting header 'ethernet'
[20:38:07.697] [bmv2] [D] [thread 6815] [0.0] [cxt 0] Parser state 'start': key is 86dd
[20:38:07.697] [bmv2] [T] [thread 6815] [0.0] [cxt 0] Bytes parsed: 14
[20:38:07.697] [bmv2] [D] [thread 6815] [0.0] [cxt 0] Parser 'parser': end
[20:38:07.697] [bmv2] [D] [thread 6815] [0.0] [cxt 0] Pipeline 'ingress': start
[20:38:07.697] [bmv2] [T] [thread 6815] [0.0] [cxt 0] kvstore.p4(198) Condition "hdr.ipv4.isValid() && hdr.ipv4.ttl > 0" (node_2) is false
[20:38:07.697] [bmv2] [D] [thread 6815] [0.0] [cxt 0] Pipeline 'ingress': end
[20:38:07.697] [bmv2] [D] [thread 6815] [0.0] [cxt 0] Egress port is 0
[20:38:07.697] [bmv2] [D] [thread 6816] [0.0] [cxt 0] Pipeline 'egress': start
[20:38:07.698] [bmv2] [D] [thread 6816] [0.0] [cxt 0] Pipeline 'egress': end
[20:38:07.698] [bmv2] [D] [thread 6816] [0.0] [cxt 0] Deparser 'deparser': start
[20:38:07.698] [bmv2] [T] [thread 6816] [0.0] [cxt 0] Skipping checksum 'cksum' update because condition not met
[20:38:07.698] [bmv2] [D] [thread 6816] [0.0] [cxt 0] Deparsing header 'ethernet'
[20:38:07.698] [bmv2] [D] [thread 6816] [0.0] [cxt 0] Deparser 'deparser': end
[20:38:07.698] [bmv2] [D] [thread 6820] [0.0] [cxt 0] Transmitting packet of size 86 out of port 0
[20:38:08.557] [bmv2] [D] [thread 6815] [1.0] [cxt 0] Processing packet received on port 1
[20:38:08.557] [bmv2] [D] [thread 6815] [1.0] [cxt 0] Parser 'parser': start
[20:38:08.557] [bmv2] [D] [thread 6815] [1.0] [cxt 0] Parser 'parser' entering state 'start'
[20:38:08.557] [bmv2] [D] [thread 6815] [1.0] [cxt 0] Extracting header 'ethernet'
[20:38:08.557] [bmv2] [D] [thread 6815] [1.0] [cxt 0] Parser state 'start': key is 86dd
[20:38:08.557] [bmv2] [T] [thread 6815] [1.0] [cxt 0] Bytes parsed: 14
[20:38:08.557] [bmv2] [D] [thread 6815] [1.0] [cxt 0] Parser 'parser': end
[20:38:08.557] [bmv2] [D] [thread 6815] [1.0] [cxt 0] Pipeline 'ingress': start
[20:38:08.557] [bmv2] [T] [thread 6815] [1.0] [cxt 0] kvstore.p4(198) Condition "hdr.ipv4.isValid() && hdr.ipv4.ttl > 0" (node_2) is false
[20:38:08.557] [bmv2] [D] [thread 6815] [1.0] [cxt 0] Pipeline 'ingress': end
[20:38:08.557] [bmv2] [D] [thread 6815] [1.0] [cxt 0] Egress port is 0
[20:38:08.557] [bmv2] [D] [thread 6816] [1.0] [cxt 0] Pipeline 'egress': start
[20:38:08.557] [bmv2] [D] [thread 6816] [1.0] [cxt 0] Pipeline 'egress': end
[20:38:08.557] [bmv2] [D] [thread 6816] [1.0] [cxt 0] Deparser 'deparser': start
[20:38:08.557] [bmv2] [T] [thread 6816] [1.0] [cxt 0] Skipping checksum 'cksum' update because condition not met
[20:38:08.557] [bmv2] [D] [thread 6816] [1.0] [cxt 0] Deparsing header 'ethernet'
[20:38:08.557] [bmv2] [D] [thread 6816] [1.0] [cxt 0] Deparser 'deparser': end
[20:38:08.557] [bmv2] [D] [thread 6820] [1.0] [cxt 0] Transmitting packet of size 90 out of port 0
[20:38:08.727] [bmv2] [D] [thread 6815] [2.0] [cxt 0] Processing packet received on port 1
[20:38:08.727] [bmv2] [D] [thread 6815] [2.0] [cxt 0] Parser 'parser': start
[20:38:08.727] [bmv2] [D] [thread 6815] [2.0] [cxt 0] Parser 'parser' entering state 'start'
[20:38:08.727] [bmv2] [D] [thread 6815] [2.0] [cxt 0] Extracting header 'ethernet'
[20:38:08.727] [bmv2] [D] [thread 6815] [2.0] [cxt 0] Parser state 'start': key is 86dd
[20:38:08.727] [bmv2] [T] [thread 6815] [2.0] [cxt 0] Bytes parsed: 14
[20:38:08.727] [bmv2] [D] [thread 6815] [2.0] [cxt 0] Parser 'parser': end
[20:38:08.727] [bmv2] [D] [thread 6815] [2.0] [cxt 0] Pipeline 'ingress': start
[20:38:08.727] [bmv2] [T] [thread 6815] [2.0] [cxt 0] kvstore.p4(198) Condition "hdr.ipv4.isValid() && hdr.ipv4.ttl > 0" (node_2) is false
[20:38:08.727] [bmv2] [D] [thread 6815] [2.0] [cxt 0] Pipeline 'ingress': end
[20:38:08.727] [bmv2] [D] [thread 6815] [2.0] [cxt 0] Egress port is 0
[20:38:08.728] [bmv2] [D] [thread 6815] [3.0] [cxt 0] Processing packet received on port 1
[20:38:08.728] [bmv2] [D] [thread 6815] [3.0] [cxt 0] Parser 'parser': start
[20:38:08.728] [bmv2] [D] [thread 6815] [3.0] [cxt 0] Parser 'parser' entering state 'start'
[20:38:08.728] [bmv2] [D] [thread 6815] [3.0] [cxt 0] Extracting header 'ethernet'
[20:38:08.728] [bmv2] [D] [thread 6815] [3.0] [cxt 0] Parser state 'start': key is 86dd
[20:38:08.728] [bmv2] [T] [thread 6815] [3.0] [cxt 0] Bytes parsed: 14
[20:38:08.728] [bmv2] [D] [thread 6815] [3.0] [cxt 0] Parser 'parser': end
[20:38:08.728] [bmv2] [D] [thread 6816] [2.0] [cxt 0] Pipeline 'egress': start
[20:38:08.728] [bmv2] [D] [thread 6815] [3.0] [cxt 0] Pipeline 'ingress': start
[20:38:08.728] [bmv2] [T] [thread 6815] [3.0] [cxt 0] kvstore.p4(198) Condition "hdr.ipv4.isValid() && hdr.ipv4.ttl > 0" (node_2) is false
[20:38:08.728] [bmv2] [D] [thread 6815] [3.0] [cxt 0] Pipeline 'ingress': end
[20:38:08.728] [bmv2] [D] [thread 6816] [2.0] [cxt 0] Pipeline 'egress': end
[20:38:08.728] [bmv2] [D] [thread 6816] [2.0] [cxt 0] Deparser 'deparser': start
[20:38:08.728] [bmv2] [T] [thread 6816] [2.0] [cxt 0] Skipping checksum 'cksum' update because condition not met
[20:38:08.728] [bmv2] [D] [thread 6816] [2.0] [cxt 0] Deparsing header 'ethernet'
[20:38:08.728] [bmv2] [D] [thread 6816] [2.0] [cxt 0] Deparser 'deparser': end
[20:38:08.728] [bmv2] [D] [thread 6820] [2.0] [cxt 0] Transmitting packet of size 90 out of port 0
[20:38:08.728] [bmv2] [D] [thread 6815] [3.0] [cxt 0] Egress port is 0
[20:38:08.729] [bmv2] [D] [thread 6816] [3.0] [cxt 0] Pipeline 'egress': start
[20:38:08.729] [bmv2] [D] [thread 6816] [3.0] [cxt 0] Pipeline 'egress': end
[20:38:08.729] [bmv2] [D] [thread 6816] [3.0] [cxt 0] Deparser 'deparser': start
[20:38:08.729] [bmv2] [T] [thread 6816] [3.0] [cxt 0] Skipping checksum 'cksum' update because condition not met
[20:38:08.729] [bmv2] [D] [thread 6816] [3.0] [cxt 0] Deparsing header 'ethernet'
[20:38:08.729] [bmv2] [D] [thread 6816] [3.0] [cxt 0] Deparser 'deparser': end
[20:38:08.729] [bmv2] [D] [thread 6820] [3.0] [cxt 0] Transmitting packet of size 70 out of port 0
[20:38:09.185] [bmv2] [W] [thread 6835] [P4Runtime] p4::tmp::P4DeviceConfig is deprecated
[20:38:09.186] [bmv2] [D] [thread 6835] Set default default entry for table 'MyIngress.kvs': MyIngress.drop - 
[20:38:09.187] [bmv2] [D] [thread 6835] simple_switch target has been notified of a config swap
[20:38:09.190] [bmv2] [D] [thread 6836] Set default entry for table 'MyIngress.kvs': MyIngress.drop - 
[20:38:09.191] [bmv2] [D] [thread 6835] Entry 0 added to table 'MyIngress.kvs'
[20:38:09.191] [bmv2] [D] [thread 6835] Dumping entry 0
Match key:
* hdr.request.reqType : EXACT     00
Action entry: MyIngress.get - 1,

[20:38:09.193] [bmv2] [D] [thread 6836] Entry 1 added to table 'MyIngress.kvs'
[20:38:09.193] [bmv2] [D] [thread 6836] Dumping entry 1
Match key:
* hdr.request.reqType : EXACT     01
Action entry: MyIngress.put - 1,

[20:38:09.194] [bmv2] [D] [thread 6835] Entry 2 added to table 'MyIngress.kvs'
[20:38:09.194] [bmv2] [D] [thread 6835] Dumping entry 2
Match key:
* hdr.request.reqType : EXACT     02
Action entry: MyIngress.rangeReq - 1,

[20:38:09.196] [bmv2] [D] [thread 6836] Entry 3 added to table 'MyIngress.kvs'
[20:38:09.196] [bmv2] [D] [thread 6836] Dumping entry 3
Match key:
* hdr.request.reqType : EXACT     03
Action entry: MyIngress.selectReq - 1,

[20:38:09.486] [bmv2] [D] [thread 6815] [4.0] [cxt 0] Processing packet received on port 1
[20:38:09.486] [bmv2] [D] [thread 6815] [4.0] [cxt 0] Parser 'parser': start
[20:38:09.486] [bmv2] [D] [thread 6815] [4.0] [cxt 0] Parser 'parser' entering state 'start'
[20:38:09.486] [bmv2] [D] [thread 6815] [4.0] [cxt 0] Extracting header 'ethernet'
[20:38:09.487] [bmv2] [D] [thread 6815] [4.0] [cxt 0] Parser state 'start': key is 86dd
[20:38:09.487] [bmv2] [T] [thread 6815] [4.0] [cxt 0] Bytes parsed: 14
[20:38:09.487] [bmv2] [D] [thread 6815] [4.0] [cxt 0] Parser 'parser': end
[20:38:09.487] [bmv2] [D] [thread 6815] [4.0] [cxt 0] Pipeline 'ingress': start
[20:38:09.487] [bmv2] [T] [thread 6815] [4.0] [cxt 0] kvstore.p4(198) Condition "hdr.ipv4.isValid() && hdr.ipv4.ttl > 0" (node_2) is false
[20:38:09.487] [bmv2] [D] [thread 6815] [4.0] [cxt 0] Pipeline 'ingress': end
[20:38:09.487] [bmv2] [D] [thread 6815] [4.0] [cxt 0] Egress port is 0
[20:38:09.488] [bmv2] [D] [thread 6816] [4.0] [cxt 0] Pipeline 'egress': start
[20:38:09.488] [bmv2] [D] [thread 6816] [4.0] [cxt 0] Pipeline 'egress': end
[20:38:09.489] [bmv2] [D] [thread 6816] [4.0] [cxt 0] Deparser 'deparser': start
[20:38:09.489] [bmv2] [T] [thread 6816] [4.0] [cxt 0] Skipping checksum 'cksum' update because condition not met
[20:38:09.489] [bmv2] [D] [thread 6816] [4.0] [cxt 0] Deparsing header 'ethernet'
[20:38:09.489] [bmv2] [D] [thread 6816] [4.0] [cxt 0] Deparser 'deparser': end
[20:38:09.489] [bmv2] [D] [thread 6820] [4.0] [cxt 0] Transmitting packet of size 90 out of port 0
[20:38:12.813] [bmv2] [D] [thread 6815] [5.0] [cxt 0] Processing packet received on port 1
[20:38:12.813] [bmv2] [D] [thread 6815] [5.0] [cxt 0] Parser 'parser': start
[20:38:12.813] [bmv2] [D] [thread 6815] [5.0] [cxt 0] Parser 'parser' entering state 'start'
[20:38:12.813] [bmv2] [D] [thread 6815] [5.0] [cxt 0] Extracting header 'ethernet'
[20:38:12.813] [bmv2] [D] [thread 6815] [5.0] [cxt 0] Parser state 'start': key is 86dd
[20:38:12.813] [bmv2] [T] [thread 6815] [5.0] [cxt 0] Bytes parsed: 14
[20:38:12.813] [bmv2] [D] [thread 6815] [5.0] [cxt 0] Parser 'parser': end
[20:38:12.813] [bmv2] [D] [thread 6815] [5.0] [cxt 0] Pipeline 'ingress': start
[20:38:12.813] [bmv2] [T] [thread 6815] [5.0] [cxt 0] kvstore.p4(198) Condition "hdr.ipv4.isValid() && hdr.ipv4.ttl > 0" (node_2) is false
[20:38:12.813] [bmv2] [D] [thread 6815] [5.0] [cxt 0] Pipeline 'ingress': end
[20:38:12.813] [bmv2] [D] [thread 6815] [5.0] [cxt 0] Egress port is 0
[20:38:12.813] [bmv2] [D] [thread 6816] [5.0] [cxt 0] Pipeline 'egress': start
[20:38:12.813] [bmv2] [D] [thread 6816] [5.0] [cxt 0] Pipeline 'egress': end
[20:38:12.813] [bmv2] [D] [thread 6816] [5.0] [cxt 0] Deparser 'deparser': start
[20:38:12.813] [bmv2] [T] [thread 6816] [5.0] [cxt 0] Skipping checksum 'cksum' update because condition not met
[20:38:12.813] [bmv2] [D] [thread 6816] [5.0] [cxt 0] Deparsing header 'ethernet'
[20:38:12.813] [bmv2] [D] [thread 6816] [5.0] [cxt 0] Deparser 'deparser': end
[20:38:12.813] [bmv2] [D] [thread 6820] [5.0] [cxt 0] Transmitting packet of size 70 out of port 0
[20:38:21.263] [bmv2] [D] [thread 6815] [6.0] [cxt 0] Processing packet received on port 1
[20:38:21.263] [bmv2] [D] [thread 6815] [6.0] [cxt 0] Parser 'parser': start
[20:38:21.263] [bmv2] [D] [thread 6815] [6.0] [cxt 0] Parser 'parser' entering state 'start'
[20:38:21.263] [bmv2] [D] [thread 6815] [6.0] [cxt 0] Extracting header 'ethernet'
[20:38:21.263] [bmv2] [D] [thread 6815] [6.0] [cxt 0] Parser state 'start': key is 86dd
[20:38:21.263] [bmv2] [T] [thread 6815] [6.0] [cxt 0] Bytes parsed: 14
[20:38:21.263] [bmv2] [D] [thread 6815] [6.0] [cxt 0] Parser 'parser': end
[20:38:21.263] [bmv2] [D] [thread 6815] [6.0] [cxt 0] Pipeline 'ingress': start
[20:38:21.263] [bmv2] [T] [thread 6815] [6.0] [cxt 0] kvstore.p4(198) Condition "hdr.ipv4.isValid() && hdr.ipv4.ttl > 0" (node_2) is false
[20:38:21.263] [bmv2] [D] [thread 6815] [6.0] [cxt 0] Pipeline 'ingress': end
[20:38:21.263] [bmv2] [D] [thread 6815] [6.0] [cxt 0] Egress port is 0
[20:38:21.264] [bmv2] [D] [thread 6816] [6.0] [cxt 0] Pipeline 'egress': start
[20:38:21.264] [bmv2] [D] [thread 6816] [6.0] [cxt 0] Pipeline 'egress': end
[20:38:21.264] [bmv2] [D] [thread 6816] [6.0] [cxt 0] Deparser 'deparser': start
[20:38:21.264] [bmv2] [T] [thread 6816] [6.0] [cxt 0] Skipping checksum 'cksum' update because condition not met
[20:38:21.264] [bmv2] [D] [thread 6816] [6.0] [cxt 0] Deparsing header 'ethernet'
[20:38:21.264] [bmv2] [D] [thread 6816] [6.0] [cxt 0] Deparser 'deparser': end
[20:38:21.264] [bmv2] [D] [thread 6820] [6.0] [cxt 0] Transmitting packet of size 70 out of port 0
[20:38:24.214] [bmv2] [D] [thread 6815] [7.0] [cxt 0] Processing packet received on port 1
[20:38:24.214] [bmv2] [D] [thread 6815] [7.0] [cxt 0] Parser 'parser': start
[20:38:24.214] [bmv2] [D] [thread 6815] [7.0] [cxt 0] Parser 'parser' entering state 'start'
[20:38:24.214] [bmv2] [D] [thread 6815] [7.0] [cxt 0] Extracting header 'ethernet'
[20:38:24.214] [bmv2] [D] [thread 6815] [7.0] [cxt 0] Parser state 'start': key is 0801
[20:38:24.214] [bmv2] [T] [thread 6815] [7.0] [cxt 0] Bytes parsed: 14
[20:38:24.214] [bmv2] [D] [thread 6815] [7.0] [cxt 0] Parser 'parser' entering state 'parse_req'
[20:38:24.214] [bmv2] [D] [thread 6815] [7.0] [cxt 0] Extracting header 'request'
[20:38:24.214] [bmv2] [D] [thread 6815] [7.0] [cxt 0] Parser state 'parse_req' has no switch, going to default next state
[20:38:24.214] [bmv2] [T] [thread 6815] [7.0] [cxt 0] Bytes parsed: 29
[20:38:24.214] [bmv2] [D] [thread 6815] [7.0] [cxt 0] Parser 'parser' entering state 'parse_ipv4'
[20:38:24.214] [bmv2] [D] [thread 6815] [7.0] [cxt 0] Extracting header 'ipv4'
[20:38:24.214] [bmv2] [D] [thread 6815] [7.0] [cxt 0] Extracting header 'tcp'
[20:38:24.214] [bmv2] [D] [thread 6815] [7.0] [cxt 0] Parser state 'parse_ipv4': key is 0001
[20:38:24.214] [bmv2] [T] [thread 6815] [7.0] [cxt 0] Bytes parsed: 69
[20:38:24.214] [bmv2] [D] [thread 6815] [7.0] [cxt 0] Parser 'parser' entering state 'parse_response'
[20:38:24.214] [bmv2] [D] [thread 6815] [7.0] [cxt 0] Extracting header 'response'
[20:38:24.214] [bmv2] [D] [thread 6815] [7.0] [cxt 0] Parser state 'parse_response' has no switch, going to default next state
[20:38:24.214] [bmv2] [T] [thread 6815] [7.0] [cxt 0] Bytes parsed: 73
[20:38:24.214] [bmv2] [D] [thread 6815] [7.0] [cxt 0] Parser 'parser': end
[20:38:24.214] [bmv2] [D] [thread 6815] [7.0] [cxt 0] Pipeline 'ingress': start
[20:38:24.214] [bmv2] [T] [thread 6815] [7.0] [cxt 0] kvstore.p4(198) Condition "hdr.ipv4.isValid() && hdr.ipv4.ttl > 0" (node_2) is true
[20:38:24.214] [bmv2] [T] [thread 6815] [7.0] [cxt 0] Applying table 'MyIngress.kvs'
[20:38:24.214] [bmv2] [D] [thread 6815] [7.0] [cxt 0] Looking up key:
* hdr.request.reqType : 00

[20:38:24.214] [bmv2] [D] [thread 6815] [7.0] [cxt 0] Table 'MyIngress.kvs': hit with handle 0
[20:38:24.214] [bmv2] [D] [thread 6815] [7.0] [cxt 0] Dumping entry 0
Match key:
* hdr.request.reqType : EXACT     00
Action entry: MyIngress.get - 1,

[20:38:24.214] [bmv2] [D] [thread 6815] [7.0] [cxt 0] Action entry is MyIngress.get - 1,
[20:38:24.214] [bmv2] [T] [thread 6815] [7.0] [cxt 0] Action MyIngress.get
[20:38:24.214] [bmv2] [T] [thread 6815] [7.0] [cxt 0] kvstore.p4(153) Primitive kvstore.read(hdr.response.ret_val, hdr.request.key1)
[20:38:24.214] [bmv2] [T] [thread 6815] [7.0] [cxt 0] Read register 'kvstore' at index 54 read value 0
[20:38:24.214] [bmv2] [T] [thread 6815] [7.0] [cxt 0] kvstore.p4(154) Primitive standard_metadata.egress_spec = port
[20:38:24.214] [bmv2] [T] [thread 6815] [7.0] [cxt 0] kvstore.p4(155) Primitive hdr.ipv4.ttl = hdr.ipv4.ttl - 10
[20:38:24.214] [bmv2] [D] [thread 6815] [7.0] [cxt 0] Pipeline 'ingress': end
[20:38:24.214] [bmv2] [D] [thread 6815] [7.0] [cxt 0] Egress port is 1
[20:38:24.215] [bmv2] [D] [thread 6817] [7.0] [cxt 0] Pipeline 'egress': start
[20:38:24.215] [bmv2] [D] [thread 6817] [7.0] [cxt 0] Pipeline 'egress': end
[20:38:24.215] [bmv2] [D] [thread 6817] [7.0] [cxt 0] Deparser 'deparser': start
[20:38:24.215] [bmv2] [D] [thread 6817] [7.0] [cxt 0] Updating checksum 'cksum'
[20:38:24.215] [bmv2] [D] [thread 6817] [7.0] [cxt 0] Deparsing header 'ethernet'
[20:38:24.215] [bmv2] [D] [thread 6817] [7.0] [cxt 0] Deparsing header 'request'
[20:38:24.215] [bmv2] [D] [thread 6817] [7.0] [cxt 0] Deparsing header 'ipv4'
[20:38:24.215] [bmv2] [D] [thread 6817] [7.0] [cxt 0] Deparsing header 'tcp'
[20:38:24.215] [bmv2] [D] [thread 6817] [7.0] [cxt 0] Deparsing header 'response'
[20:38:24.215] [bmv2] [D] [thread 6817] [7.0] [cxt 0] Deparser 'deparser': end
[20:38:24.215] [bmv2] [D] [thread 6820] [7.0] [cxt 0] Transmitting packet of size 73 out of port 1
[20:38:39.181] [bmv2] [D] [thread 6815] [8.0] [cxt 0] Processing packet received on port 1
[20:38:39.181] [bmv2] [D] [thread 6815] [8.0] [cxt 0] Parser 'parser': start
[20:38:39.181] [bmv2] [D] [thread 6815] [8.0] [cxt 0] Parser 'parser' entering state 'start'
[20:38:39.181] [bmv2] [D] [thread 6815] [8.0] [cxt 0] Extracting header 'ethernet'
[20:38:39.181] [bmv2] [D] [thread 6815] [8.0] [cxt 0] Parser state 'start': key is 86dd
[20:38:39.181] [bmv2] [T] [thread 6815] [8.0] [cxt 0] Bytes parsed: 14
[20:38:39.181] [bmv2] [D] [thread 6815] [8.0] [cxt 0] Parser 'parser': end
[20:38:39.181] [bmv2] [D] [thread 6815] [8.0] [cxt 0] Pipeline 'ingress': start
[20:38:39.181] [bmv2] [T] [thread 6815] [8.0] [cxt 0] kvstore.p4(198) Condition "hdr.ipv4.isValid() && hdr.ipv4.ttl > 0" (node_2) is false
[20:38:39.181] [bmv2] [D] [thread 6815] [8.0] [cxt 0] Pipeline 'ingress': end
[20:38:39.181] [bmv2] [D] [thread 6815] [8.0] [cxt 0] Egress port is 0
[20:38:39.181] [bmv2] [D] [thread 6816] [8.0] [cxt 0] Pipeline 'egress': start
[20:38:39.181] [bmv2] [D] [thread 6816] [8.0] [cxt 0] Pipeline 'egress': end
[20:38:39.181] [bmv2] [D] [thread 6816] [8.0] [cxt 0] Deparser 'deparser': start
[20:38:39.181] [bmv2] [T] [thread 6816] [8.0] [cxt 0] Skipping checksum 'cksum' update because condition not met
[20:38:39.181] [bmv2] [D] [thread 6816] [8.0] [cxt 0] Deparsing header 'ethernet'
[20:38:39.181] [bmv2] [D] [thread 6816] [8.0] [cxt 0] Deparser 'deparser': end
[20:38:39.181] [bmv2] [D] [thread 6820] [8.0] [cxt 0] Transmitting packet of size 70 out of port 0
[20:38:50.318] [bmv2] [D] [thread 6815] [9.0] [cxt 0] Processing packet received on port 1
[20:38:50.318] [bmv2] [D] [thread 6815] [9.0] [cxt 0] Parser 'parser': start
[20:38:50.318] [bmv2] [D] [thread 6815] [9.0] [cxt 0] Parser 'parser' entering state 'start'
[20:38:50.318] [bmv2] [D] [thread 6815] [9.0] [cxt 0] Extracting header 'ethernet'
[20:38:50.319] [bmv2] [D] [thread 6815] [9.0] [cxt 0] Parser state 'start': key is 0801
[20:38:50.319] [bmv2] [T] [thread 6815] [9.0] [cxt 0] Bytes parsed: 14
[20:38:50.319] [bmv2] [D] [thread 6815] [9.0] [cxt 0] Parser 'parser' entering state 'parse_req'
[20:38:50.319] [bmv2] [D] [thread 6815] [9.0] [cxt 0] Extracting header 'request'
[20:38:50.319] [bmv2] [D] [thread 6815] [9.0] [cxt 0] Parser state 'parse_req' has no switch, going to default next state
[20:38:50.319] [bmv2] [T] [thread 6815] [9.0] [cxt 0] Bytes parsed: 29
[20:38:50.319] [bmv2] [D] [thread 6815] [9.0] [cxt 0] Parser 'parser' entering state 'parse_ipv4'
[20:38:50.319] [bmv2] [D] [thread 6815] [9.0] [cxt 0] Extracting header 'ipv4'
[20:38:50.319] [bmv2] [D] [thread 6815] [9.0] [cxt 0] Extracting header 'tcp'
[20:38:50.319] [bmv2] [D] [thread 6815] [9.0] [cxt 0] Parser state 'parse_ipv4': key is 0001
[20:38:50.319] [bmv2] [T] [thread 6815] [9.0] [cxt 0] Bytes parsed: 69
[20:38:50.319] [bmv2] [D] [thread 6815] [9.0] [cxt 0] Parser 'parser' entering state 'parse_response'
[20:38:50.319] [bmv2] [D] [thread 6815] [9.0] [cxt 0] Extracting header 'response'
[20:38:50.319] [bmv2] [D] [thread 6815] [9.0] [cxt 0] Parser state 'parse_response' has no switch, going to default next state
[20:38:50.319] [bmv2] [T] [thread 6815] [9.0] [cxt 0] Bytes parsed: 73
[20:38:50.319] [bmv2] [D] [thread 6815] [9.0] [cxt 0] Parser 'parser': end
[20:38:50.319] [bmv2] [D] [thread 6815] [9.0] [cxt 0] Pipeline 'ingress': start
[20:38:50.319] [bmv2] [T] [thread 6815] [9.0] [cxt 0] kvstore.p4(198) Condition "hdr.ipv4.isValid() && hdr.ipv4.ttl > 0" (node_2) is true
[20:38:50.319] [bmv2] [T] [thread 6815] [9.0] [cxt 0] Applying table 'MyIngress.kvs'
[20:38:50.319] [bmv2] [D] [thread 6815] [9.0] [cxt 0] Looking up key:
* hdr.request.reqType : 01

[20:38:50.319] [bmv2] [D] [thread 6815] [9.0] [cxt 0] Table 'MyIngress.kvs': hit with handle 1
[20:38:50.319] [bmv2] [D] [thread 6815] [9.0] [cxt 0] Dumping entry 1
Match key:
* hdr.request.reqType : EXACT     01
Action entry: MyIngress.put - 1,

[20:38:50.319] [bmv2] [D] [thread 6815] [9.0] [cxt 0] Action entry is MyIngress.put - 1,
[20:38:50.319] [bmv2] [T] [thread 6815] [9.0] [cxt 0] Action MyIngress.put
[20:38:50.319] [bmv2] [T] [thread 6815] [9.0] [cxt 0] kvstore.p4(159) Primitive kvstore.write(hdr.request.key1, hdr.request.val)
[20:38:50.319] [bmv2] [T] [thread 6815] [9.0] [cxt 0] Wrote register 'kvstore' at index 54 with value 7
[20:38:50.319] [bmv2] [T] [thread 6815] [9.0] [cxt 0] kvstore.p4(160) Primitive standard_metadata.egress_spec = 1
[20:38:50.319] [bmv2] [T] [thread 6815] [9.0] [cxt 0] kvstore.p4(161) Primitive hdr.ipv4.ttl = hdr.ipv4.ttl - 9
[20:38:50.319] [bmv2] [D] [thread 6815] [9.0] [cxt 0] Pipeline 'ingress': end
[20:38:50.319] [bmv2] [D] [thread 6815] [9.0] [cxt 0] Egress port is 1
[20:38:50.319] [bmv2] [D] [thread 6817] [9.0] [cxt 0] Pipeline 'egress': start
[20:38:50.319] [bmv2] [D] [thread 6817] [9.0] [cxt 0] Pipeline 'egress': end
[20:38:50.319] [bmv2] [D] [thread 6817] [9.0] [cxt 0] Deparser 'deparser': start
[20:38:50.319] [bmv2] [D] [thread 6817] [9.0] [cxt 0] Updating checksum 'cksum'
[20:38:50.319] [bmv2] [D] [thread 6817] [9.0] [cxt 0] Deparsing header 'ethernet'
[20:38:50.319] [bmv2] [D] [thread 6817] [9.0] [cxt 0] Deparsing header 'request'
[20:38:50.319] [bmv2] [D] [thread 6817] [9.0] [cxt 0] Deparsing header 'ipv4'
[20:38:50.319] [bmv2] [D] [thread 6817] [9.0] [cxt 0] Deparsing header 'tcp'
[20:38:50.319] [bmv2] [D] [thread 6817] [9.0] [cxt 0] Deparsing header 'response'
[20:38:50.319] [bmv2] [D] [thread 6817] [9.0] [cxt 0] Deparser 'deparser': end
[20:38:50.319] [bmv2] [D] [thread 6820] [9.0] [cxt 0] Transmitting packet of size 73 out of port 1
[20:38:53.835] [bmv2] [D] [thread 6815] [10.0] [cxt 0] Processing packet received on port 1
[20:38:53.835] [bmv2] [D] [thread 6815] [10.0] [cxt 0] Parser 'parser': start
[20:38:53.835] [bmv2] [D] [thread 6815] [10.0] [cxt 0] Parser 'parser' entering state 'start'
[20:38:53.835] [bmv2] [D] [thread 6815] [10.0] [cxt 0] Extracting header 'ethernet'
[20:38:53.835] [bmv2] [D] [thread 6815] [10.0] [cxt 0] Parser state 'start': key is 0801
[20:38:53.835] [bmv2] [T] [thread 6815] [10.0] [cxt 0] Bytes parsed: 14
[20:38:53.835] [bmv2] [D] [thread 6815] [10.0] [cxt 0] Parser 'parser' entering state 'parse_req'
[20:38:53.835] [bmv2] [D] [thread 6815] [10.0] [cxt 0] Extracting header 'request'
[20:38:53.835] [bmv2] [D] [thread 6815] [10.0] [cxt 0] Parser state 'parse_req' has no switch, going to default next state
[20:38:53.835] [bmv2] [T] [thread 6815] [10.0] [cxt 0] Bytes parsed: 29
[20:38:53.835] [bmv2] [D] [thread 6815] [10.0] [cxt 0] Parser 'parser' entering state 'parse_ipv4'
[20:38:53.835] [bmv2] [D] [thread 6815] [10.0] [cxt 0] Extracting header 'ipv4'
[20:38:53.835] [bmv2] [D] [thread 6815] [10.0] [cxt 0] Extracting header 'tcp'
[20:38:53.835] [bmv2] [D] [thread 6815] [10.0] [cxt 0] Parser state 'parse_ipv4': key is 0001
[20:38:53.835] [bmv2] [T] [thread 6815] [10.0] [cxt 0] Bytes parsed: 69
[20:38:53.835] [bmv2] [D] [thread 6815] [10.0] [cxt 0] Parser 'parser' entering state 'parse_response'
[20:38:53.835] [bmv2] [D] [thread 6815] [10.0] [cxt 0] Extracting header 'response'
[20:38:53.835] [bmv2] [D] [thread 6815] [10.0] [cxt 0] Parser state 'parse_response' has no switch, going to default next state
[20:38:53.835] [bmv2] [T] [thread 6815] [10.0] [cxt 0] Bytes parsed: 73
[20:38:53.835] [bmv2] [D] [thread 6815] [10.0] [cxt 0] Parser 'parser': end
[20:38:53.835] [bmv2] [D] [thread 6815] [10.0] [cxt 0] Pipeline 'ingress': start
[20:38:53.835] [bmv2] [T] [thread 6815] [10.0] [cxt 0] kvstore.p4(198) Condition "hdr.ipv4.isValid() && hdr.ipv4.ttl > 0" (node_2) is true
[20:38:53.835] [bmv2] [T] [thread 6815] [10.0] [cxt 0] Applying table 'MyIngress.kvs'
[20:38:53.835] [bmv2] [D] [thread 6815] [10.0] [cxt 0] Looking up key:
* hdr.request.reqType : 01

[20:38:53.835] [bmv2] [D] [thread 6815] [10.0] [cxt 0] Table 'MyIngress.kvs': hit with handle 1
[20:38:53.835] [bmv2] [D] [thread 6815] [10.0] [cxt 0] Dumping entry 1
Match key:
* hdr.request.reqType : EXACT     01
Action entry: MyIngress.put - 1,

[20:38:53.835] [bmv2] [D] [thread 6815] [10.0] [cxt 0] Action entry is MyIngress.put - 1,
[20:38:53.835] [bmv2] [T] [thread 6815] [10.0] [cxt 0] Action MyIngress.put
[20:38:53.835] [bmv2] [T] [thread 6815] [10.0] [cxt 0] kvstore.p4(159) Primitive kvstore.write(hdr.request.key1, hdr.request.val)
[20:38:53.835] [bmv2] [T] [thread 6815] [10.0] [cxt 0] Wrote register 'kvstore' at index 54 with value 9
[20:38:53.835] [bmv2] [T] [thread 6815] [10.0] [cxt 0] kvstore.p4(160) Primitive standard_metadata.egress_spec = 1
[20:38:53.835] [bmv2] [T] [thread 6815] [10.0] [cxt 0] kvstore.p4(161) Primitive hdr.ipv4.ttl = hdr.ipv4.ttl - 9
[20:38:53.835] [bmv2] [D] [thread 6815] [10.0] [cxt 0] Pipeline 'ingress': end
[20:38:53.835] [bmv2] [D] [thread 6815] [10.0] [cxt 0] Egress port is 1
[20:38:53.835] [bmv2] [D] [thread 6817] [10.0] [cxt 0] Pipeline 'egress': start
[20:38:53.835] [bmv2] [D] [thread 6817] [10.0] [cxt 0] Pipeline 'egress': end
[20:38:53.835] [bmv2] [D] [thread 6817] [10.0] [cxt 0] Deparser 'deparser': start
[20:38:53.835] [bmv2] [D] [thread 6817] [10.0] [cxt 0] Updating checksum 'cksum'
[20:38:53.835] [bmv2] [D] [thread 6817] [10.0] [cxt 0] Deparsing header 'ethernet'
[20:38:53.835] [bmv2] [D] [thread 6817] [10.0] [cxt 0] Deparsing header 'request'
[20:38:53.835] [bmv2] [D] [thread 6817] [10.0] [cxt 0] Deparsing header 'ipv4'
[20:38:53.835] [bmv2] [D] [thread 6817] [10.0] [cxt 0] Deparsing header 'tcp'
[20:38:53.835] [bmv2] [D] [thread 6817] [10.0] [cxt 0] Deparsing header 'response'
[20:38:53.835] [bmv2] [D] [thread 6817] [10.0] [cxt 0] Deparser 'deparser': end
[20:38:53.835] [bmv2] [D] [thread 6820] [10.0] [cxt 0] Transmitting packet of size 73 out of port 1
[20:38:57.114] [bmv2] [D] [thread 6815] [11.0] [cxt 0] Processing packet received on port 1
[20:38:57.114] [bmv2] [D] [thread 6815] [11.0] [cxt 0] Parser 'parser': start
[20:38:57.114] [bmv2] [D] [thread 6815] [11.0] [cxt 0] Parser 'parser' entering state 'start'
[20:38:57.114] [bmv2] [D] [thread 6815] [11.0] [cxt 0] Extracting header 'ethernet'
[20:38:57.114] [bmv2] [D] [thread 6815] [11.0] [cxt 0] Parser state 'start': key is 0801
[20:38:57.114] [bmv2] [T] [thread 6815] [11.0] [cxt 0] Bytes parsed: 14
[20:38:57.114] [bmv2] [D] [thread 6815] [11.0] [cxt 0] Parser 'parser' entering state 'parse_req'
[20:38:57.114] [bmv2] [D] [thread 6815] [11.0] [cxt 0] Extracting header 'request'
[20:38:57.114] [bmv2] [D] [thread 6815] [11.0] [cxt 0] Parser state 'parse_req' has no switch, going to default next state
[20:38:57.114] [bmv2] [T] [thread 6815] [11.0] [cxt 0] Bytes parsed: 29
[20:38:57.114] [bmv2] [D] [thread 6815] [11.0] [cxt 0] Parser 'parser' entering state 'parse_ipv4'
[20:38:57.114] [bmv2] [D] [thread 6815] [11.0] [cxt 0] Extracting header 'ipv4'
[20:38:57.114] [bmv2] [D] [thread 6815] [11.0] [cxt 0] Extracting header 'tcp'
[20:38:57.114] [bmv2] [D] [thread 6815] [11.0] [cxt 0] Parser state 'parse_ipv4': key is 0001
[20:38:57.114] [bmv2] [T] [thread 6815] [11.0] [cxt 0] Bytes parsed: 69
[20:38:57.114] [bmv2] [D] [thread 6815] [11.0] [cxt 0] Parser 'parser' entering state 'parse_response'
[20:38:57.114] [bmv2] [D] [thread 6815] [11.0] [cxt 0] Extracting header 'response'
[20:38:57.114] [bmv2] [D] [thread 6815] [11.0] [cxt 0] Parser state 'parse_response' has no switch, going to default next state
[20:38:57.114] [bmv2] [T] [thread 6815] [11.0] [cxt 0] Bytes parsed: 73
[20:38:57.114] [bmv2] [D] [thread 6815] [11.0] [cxt 0] Parser 'parser': end
[20:38:57.114] [bmv2] [D] [thread 6815] [11.0] [cxt 0] Pipeline 'ingress': start
[20:38:57.114] [bmv2] [T] [thread 6815] [11.0] [cxt 0] kvstore.p4(198) Condition "hdr.ipv4.isValid() && hdr.ipv4.ttl > 0" (node_2) is true
[20:38:57.114] [bmv2] [T] [thread 6815] [11.0] [cxt 0] Applying table 'MyIngress.kvs'
[20:38:57.114] [bmv2] [D] [thread 6815] [11.0] [cxt 0] Looking up key:
* hdr.request.reqType : 00

[20:38:57.114] [bmv2] [D] [thread 6815] [11.0] [cxt 0] Table 'MyIngress.kvs': hit with handle 0
[20:38:57.114] [bmv2] [D] [thread 6815] [11.0] [cxt 0] Dumping entry 0
Match key:
* hdr.request.reqType : EXACT     00
Action entry: MyIngress.get - 1,

[20:38:57.114] [bmv2] [D] [thread 6815] [11.0] [cxt 0] Action entry is MyIngress.get - 1,
[20:38:57.114] [bmv2] [T] [thread 6815] [11.0] [cxt 0] Action MyIngress.get
[20:38:57.114] [bmv2] [T] [thread 6815] [11.0] [cxt 0] kvstore.p4(153) Primitive kvstore.read(hdr.response.ret_val, hdr.request.key1)
[20:38:57.114] [bmv2] [T] [thread 6815] [11.0] [cxt 0] Read register 'kvstore' at index 54 read value 9
[20:38:57.114] [bmv2] [T] [thread 6815] [11.0] [cxt 0] kvstore.p4(154) Primitive standard_metadata.egress_spec = port
[20:38:57.114] [bmv2] [T] [thread 6815] [11.0] [cxt 0] kvstore.p4(155) Primitive hdr.ipv4.ttl = hdr.ipv4.ttl - 10
[20:38:57.114] [bmv2] [D] [thread 6815] [11.0] [cxt 0] Pipeline 'ingress': end
[20:38:57.114] [bmv2] [D] [thread 6815] [11.0] [cxt 0] Egress port is 1
[20:38:57.114] [bmv2] [D] [thread 6817] [11.0] [cxt 0] Pipeline 'egress': start
[20:38:57.114] [bmv2] [D] [thread 6817] [11.0] [cxt 0] Pipeline 'egress': end
[20:38:57.114] [bmv2] [D] [thread 6817] [11.0] [cxt 0] Deparser 'deparser': start
[20:38:57.114] [bmv2] [D] [thread 6817] [11.0] [cxt 0] Updating checksum 'cksum'
[20:38:57.114] [bmv2] [D] [thread 6817] [11.0] [cxt 0] Deparsing header 'ethernet'
[20:38:57.114] [bmv2] [D] [thread 6817] [11.0] [cxt 0] Deparsing header 'request'
[20:38:57.114] [bmv2] [D] [thread 6817] [11.0] [cxt 0] Deparsing header 'ipv4'
[20:38:57.114] [bmv2] [D] [thread 6817] [11.0] [cxt 0] Deparsing header 'tcp'
[20:38:57.114] [bmv2] [D] [thread 6817] [11.0] [cxt 0] Deparsing header 'response'
[20:38:57.114] [bmv2] [D] [thread 6817] [11.0] [cxt 0] Deparser 'deparser': end
[20:38:57.114] [bmv2] [D] [thread 6820] [11.0] [cxt 0] Transmitting packet of size 73 out of port 1
[20:39:11.948] [bmv2] [D] [thread 6815] [12.0] [cxt 0] Processing packet received on port 1
[20:39:11.948] [bmv2] [D] [thread 6815] [12.0] [cxt 0] Parser 'parser': start
[20:39:11.948] [bmv2] [D] [thread 6815] [12.0] [cxt 0] Parser 'parser' entering state 'start'
[20:39:11.949] [bmv2] [D] [thread 6815] [12.0] [cxt 0] Extracting header 'ethernet'
[20:39:11.949] [bmv2] [D] [thread 6815] [12.0] [cxt 0] Parser state 'start': key is 86dd
[20:39:11.949] [bmv2] [T] [thread 6815] [12.0] [cxt 0] Bytes parsed: 14
[20:39:11.949] [bmv2] [D] [thread 6815] [12.0] [cxt 0] Parser 'parser': end
[20:39:11.949] [bmv2] [D] [thread 6815] [12.0] [cxt 0] Pipeline 'ingress': start
[20:39:11.949] [bmv2] [T] [thread 6815] [12.0] [cxt 0] kvstore.p4(198) Condition "hdr.ipv4.isValid() && hdr.ipv4.ttl > 0" (node_2) is false
[20:39:11.949] [bmv2] [D] [thread 6815] [12.0] [cxt 0] Pipeline 'ingress': end
[20:39:11.949] [bmv2] [D] [thread 6815] [12.0] [cxt 0] Egress port is 0
[20:39:11.949] [bmv2] [D] [thread 6816] [12.0] [cxt 0] Pipeline 'egress': start
[20:39:11.949] [bmv2] [D] [thread 6816] [12.0] [cxt 0] Pipeline 'egress': end
[20:39:11.949] [bmv2] [D] [thread 6816] [12.0] [cxt 0] Deparser 'deparser': start
[20:39:11.949] [bmv2] [T] [thread 6816] [12.0] [cxt 0] Skipping checksum 'cksum' update because condition not met
[20:39:11.949] [bmv2] [D] [thread 6816] [12.0] [cxt 0] Deparsing header 'ethernet'
[20:39:11.949] [bmv2] [D] [thread 6816] [12.0] [cxt 0] Deparser 'deparser': end
[20:39:11.949] [bmv2] [D] [thread 6820] [12.0] [cxt 0] Transmitting packet of size 70 out of port 0
