Calling target program-options parser
[02:47:22.353] [bmv2] [D] [thread 108517] Set default default entry for table 'MyIngress.kvs': MyIngress.drop - 
[02:47:22.354] [bmv2] [D] [thread 108517] Set default default entry for table 'MyIngress.ipv4_lpm': MyIngress.drop - 
[02:47:22.354] [bmv2] [D] [thread 108517] Set default default entry for table 'tbl_add_response': MyEgress.add_response - 
[02:47:22.354] [bmv2] [D] [thread 108517] Set default default entry for table 'tbl_kvstore267': kvstore267 - 
Adding interface s3-eth1 as port 1
[02:47:22.355] [bmv2] [D] [thread 108517] Adding interface s3-eth1 as port 1
Server listening on 0.0.0.0:50054
[02:47:22.376] [bmv2] [I] [thread 108517] Starting Thrift server on port 9093
[02:47:22.377] [bmv2] [I] [thread 108517] Thrift server was started
[02:47:22.513] [bmv2] [D] [thread 108527] [0.0] [cxt 0] Processing packet received on port 1
[02:47:22.513] [bmv2] [D] [thread 108527] [0.0] [cxt 0] Parser 'parser': start
[02:47:22.513] [bmv2] [D] [thread 108527] [0.0] [cxt 0] Parser 'parser' entering state 'start'
[02:47:22.513] [bmv2] [D] [thread 108527] [0.0] [cxt 0] Extracting header 'ethernet'
[02:47:22.513] [bmv2] [D] [thread 108527] [0.0] [cxt 0] Parser state 'start': key is 86dd
[02:47:22.513] [bmv2] [T] [thread 108527] [0.0] [cxt 0] Bytes parsed: 14
[02:47:22.513] [bmv2] [D] [thread 108527] [0.0] [cxt 0] Parser 'parser': end
[02:47:22.513] [bmv2] [D] [thread 108527] [0.0] [cxt 0] Pipeline 'ingress': start
[02:47:22.513] [bmv2] [T] [thread 108527] [0.0] [cxt 0] kvstore.p4(237) Condition "hdr.request.ping == 0" (node_2) is true
[02:47:22.513] [bmv2] [T] [thread 108527] [0.0] [cxt 0] kvstore.p4(238) Condition "hdr.ipv4.isValid() && hdr.ipv4.ttl > 0" (node_3) is false
[02:47:22.513] [bmv2] [D] [thread 108527] [0.0] [cxt 0] Pipeline 'ingress': end
[02:47:22.513] [bmv2] [D] [thread 108527] [0.0] [cxt 0] Egress port is 0
[02:47:22.513] [bmv2] [D] [thread 108528] [0.0] [cxt 0] Pipeline 'egress': start
[02:47:22.513] [bmv2] [T] [thread 108528] [0.0] [cxt 0] kvstore.p4(264) Condition "meta.nextInd.i <= ((bit<8>) hdr.request.key2 - (bit<8>) hdr.request.key1)" (node_8) is true
[02:47:22.513] [bmv2] [T] [thread 108528] [0.0] [cxt 0] kvstore.p4(265) Condition "hdr.ipv4.isValid() && hdr.request.reqType > 1" (node_9) is false
[02:47:22.513] [bmv2] [D] [thread 108528] [0.0] [cxt 0] Pipeline 'egress': end
[02:47:22.513] [bmv2] [D] [thread 108528] [0.0] [cxt 0] Deparser 'deparser': start
[02:47:22.513] [bmv2] [T] [thread 108528] [0.0] [cxt 0] Skipping checksum 'cksum' update because condition not met
[02:47:22.513] [bmv2] [D] [thread 108528] [0.0] [cxt 0] Deparsing header 'ethernet'
[02:47:22.513] [bmv2] [D] [thread 108528] [0.0] [cxt 0] Deparser 'deparser': end
[02:47:22.514] [bmv2] [D] [thread 108532] [0.0] [cxt 0] Transmitting packet of size 90 out of port 0
[02:47:25.896] [bmv2] [D] [thread 108527] [1.0] [cxt 0] Processing packet received on port 1
[02:47:25.896] [bmv2] [D] [thread 108527] [1.0] [cxt 0] Parser 'parser': start
[02:47:25.896] [bmv2] [D] [thread 108527] [1.0] [cxt 0] Parser 'parser' entering state 'start'
[02:47:25.896] [bmv2] [D] [thread 108527] [1.0] [cxt 0] Extracting header 'ethernet'
[02:47:25.896] [bmv2] [D] [thread 108527] [1.0] [cxt 0] Parser state 'start': key is 86dd
[02:47:25.896] [bmv2] [T] [thread 108527] [1.0] [cxt 0] Bytes parsed: 14
[02:47:25.896] [bmv2] [D] [thread 108527] [1.0] [cxt 0] Parser 'parser': end
[02:47:25.896] [bmv2] [D] [thread 108527] [1.0] [cxt 0] Pipeline 'ingress': start
[02:47:25.896] [bmv2] [T] [thread 108527] [1.0] [cxt 0] kvstore.p4(237) Condition "hdr.request.ping == 0" (node_2) is true
[02:47:25.896] [bmv2] [T] [thread 108527] [1.0] [cxt 0] kvstore.p4(238) Condition "hdr.ipv4.isValid() && hdr.ipv4.ttl > 0" (node_3) is false
[02:47:25.896] [bmv2] [D] [thread 108527] [1.0] [cxt 0] Pipeline 'ingress': end
[02:47:25.896] [bmv2] [D] [thread 108527] [1.0] [cxt 0] Egress port is 0
[02:47:25.896] [bmv2] [D] [thread 108528] [1.0] [cxt 0] Pipeline 'egress': start
[02:47:25.897] [bmv2] [T] [thread 108528] [1.0] [cxt 0] kvstore.p4(264) Condition "meta.nextInd.i <= ((bit<8>) hdr.request.key2 - (bit<8>) hdr.request.key1)" (node_8) is true
[02:47:25.897] [bmv2] [T] [thread 108528] [1.0] [cxt 0] kvstore.p4(265) Condition "hdr.ipv4.isValid() && hdr.request.reqType > 1" (node_9) is false
[02:47:25.897] [bmv2] [D] [thread 108528] [1.0] [cxt 0] Pipeline 'egress': end
[02:47:25.897] [bmv2] [D] [thread 108528] [1.0] [cxt 0] Deparser 'deparser': start
[02:47:25.897] [bmv2] [T] [thread 108528] [1.0] [cxt 0] Skipping checksum 'cksum' update because condition not met
[02:47:25.897] [bmv2] [D] [thread 108528] [1.0] [cxt 0] Deparsing header 'ethernet'
[02:47:25.897] [bmv2] [D] [thread 108528] [1.0] [cxt 0] Deparser 'deparser': end
[02:47:25.897] [bmv2] [D] [thread 108532] [1.0] [cxt 0] Transmitting packet of size 70 out of port 0
[02:47:26.152] [bmv2] [D] [thread 108527] [2.0] [cxt 0] Processing packet received on port 1
[02:47:26.152] [bmv2] [D] [thread 108527] [2.0] [cxt 0] Parser 'parser': start
[02:47:26.152] [bmv2] [D] [thread 108527] [2.0] [cxt 0] Parser 'parser' entering state 'start'
[02:47:26.152] [bmv2] [D] [thread 108527] [2.0] [cxt 0] Extracting header 'ethernet'
[02:47:26.152] [bmv2] [D] [thread 108527] [2.0] [cxt 0] Parser state 'start': key is 86dd
[02:47:26.152] [bmv2] [T] [thread 108527] [2.0] [cxt 0] Bytes parsed: 14
[02:47:26.152] [bmv2] [D] [thread 108527] [2.0] [cxt 0] Parser 'parser': end
[02:47:26.152] [bmv2] [D] [thread 108527] [2.0] [cxt 0] Pipeline 'ingress': start
[02:47:26.152] [bmv2] [T] [thread 108527] [2.0] [cxt 0] kvstore.p4(237) Condition "hdr.request.ping == 0" (node_2) is true
[02:47:26.152] [bmv2] [T] [thread 108527] [2.0] [cxt 0] kvstore.p4(238) Condition "hdr.ipv4.isValid() && hdr.ipv4.ttl > 0" (node_3) is false
[02:47:26.152] [bmv2] [D] [thread 108527] [2.0] [cxt 0] Pipeline 'ingress': end
[02:47:26.152] [bmv2] [D] [thread 108527] [2.0] [cxt 0] Egress port is 0
[02:47:26.152] [bmv2] [D] [thread 108528] [2.0] [cxt 0] Pipeline 'egress': start
[02:47:26.152] [bmv2] [T] [thread 108528] [2.0] [cxt 0] kvstore.p4(264) Condition "meta.nextInd.i <= ((bit<8>) hdr.request.key2 - (bit<8>) hdr.request.key1)" (node_8) is true
[02:47:26.152] [bmv2] [T] [thread 108528] [2.0] [cxt 0] kvstore.p4(265) Condition "hdr.ipv4.isValid() && hdr.request.reqType > 1" (node_9) is false
[02:47:26.152] [bmv2] [D] [thread 108528] [2.0] [cxt 0] Pipeline 'egress': end
[02:47:26.152] [bmv2] [D] [thread 108528] [2.0] [cxt 0] Deparser 'deparser': start
[02:47:26.152] [bmv2] [T] [thread 108528] [2.0] [cxt 0] Skipping checksum 'cksum' update because condition not met
[02:47:26.153] [bmv2] [D] [thread 108528] [2.0] [cxt 0] Deparsing header 'ethernet'
[02:47:26.153] [bmv2] [D] [thread 108528] [2.0] [cxt 0] Deparser 'deparser': end
[02:47:26.153] [bmv2] [D] [thread 108532] [2.0] [cxt 0] Transmitting packet of size 70 out of port 0
[02:47:34.602] [bmv2] [D] [thread 108527] [3.0] [cxt 0] Processing packet received on port 1
[02:47:34.602] [bmv2] [D] [thread 108527] [3.0] [cxt 0] Parser 'parser': start
[02:47:34.602] [bmv2] [D] [thread 108527] [3.0] [cxt 0] Parser 'parser' entering state 'start'
[02:47:34.602] [bmv2] [D] [thread 108527] [3.0] [cxt 0] Extracting header 'ethernet'
[02:47:34.602] [bmv2] [D] [thread 108527] [3.0] [cxt 0] Parser state 'start': key is 86dd
[02:47:34.602] [bmv2] [T] [thread 108527] [3.0] [cxt 0] Bytes parsed: 14
[02:47:34.603] [bmv2] [D] [thread 108527] [3.0] [cxt 0] Parser 'parser': end
[02:47:34.603] [bmv2] [D] [thread 108527] [3.0] [cxt 0] Pipeline 'ingress': start
[02:47:34.603] [bmv2] [T] [thread 108527] [3.0] [cxt 0] kvstore.p4(237) Condition "hdr.request.ping == 0" (node_2) is true
[02:47:34.603] [bmv2] [T] [thread 108527] [3.0] [cxt 0] kvstore.p4(238) Condition "hdr.ipv4.isValid() && hdr.ipv4.ttl > 0" (node_3) is false
[02:47:34.603] [bmv2] [D] [thread 108527] [3.0] [cxt 0] Pipeline 'ingress': end
[02:47:34.603] [bmv2] [D] [thread 108527] [3.0] [cxt 0] Egress port is 0
[02:47:34.603] [bmv2] [D] [thread 108528] [3.0] [cxt 0] Pipeline 'egress': start
[02:47:34.603] [bmv2] [T] [thread 108528] [3.0] [cxt 0] kvstore.p4(264) Condition "meta.nextInd.i <= ((bit<8>) hdr.request.key2 - (bit<8>) hdr.request.key1)" (node_8) is true
[02:47:34.603] [bmv2] [T] [thread 108528] [3.0] [cxt 0] kvstore.p4(265) Condition "hdr.ipv4.isValid() && hdr.request.reqType > 1" (node_9) is false
[02:47:34.603] [bmv2] [D] [thread 108528] [3.0] [cxt 0] Pipeline 'egress': end
[02:47:34.603] [bmv2] [D] [thread 108528] [3.0] [cxt 0] Deparser 'deparser': start
[02:47:34.603] [bmv2] [T] [thread 108528] [3.0] [cxt 0] Skipping checksum 'cksum' update because condition not met
[02:47:34.603] [bmv2] [D] [thread 108528] [3.0] [cxt 0] Deparsing header 'ethernet'
[02:47:34.603] [bmv2] [D] [thread 108528] [3.0] [cxt 0] Deparser 'deparser': end
[02:47:34.603] [bmv2] [D] [thread 108532] [3.0] [cxt 0] Transmitting packet of size 70 out of port 0
[02:47:34.608] [bmv2] [D] [thread 108527] [4.0] [cxt 0] Processing packet received on port 1
[02:47:34.608] [bmv2] [D] [thread 108527] [4.0] [cxt 0] Parser 'parser': start
[02:47:34.608] [bmv2] [D] [thread 108527] [4.0] [cxt 0] Parser 'parser' entering state 'start'
[02:47:34.608] [bmv2] [D] [thread 108527] [4.0] [cxt 0] Extracting header 'ethernet'
[02:47:34.608] [bmv2] [D] [thread 108527] [4.0] [cxt 0] Parser state 'start': key is 86dd
[02:47:34.608] [bmv2] [T] [thread 108527] [4.0] [cxt 0] Bytes parsed: 14
[02:47:34.608] [bmv2] [D] [thread 108527] [4.0] [cxt 0] Parser 'parser': end
[02:47:34.608] [bmv2] [D] [thread 108527] [4.0] [cxt 0] Pipeline 'ingress': start
[02:47:34.608] [bmv2] [T] [thread 108527] [4.0] [cxt 0] kvstore.p4(237) Condition "hdr.request.ping == 0" (node_2) is true
[02:47:34.608] [bmv2] [T] [thread 108527] [4.0] [cxt 0] kvstore.p4(238) Condition "hdr.ipv4.isValid() && hdr.ipv4.ttl > 0" (node_3) is false
[02:47:34.608] [bmv2] [D] [thread 108527] [4.0] [cxt 0] Pipeline 'ingress': end
[02:47:34.608] [bmv2] [D] [thread 108527] [4.0] [cxt 0] Egress port is 0
[02:47:34.609] [bmv2] [D] [thread 108528] [4.0] [cxt 0] Pipeline 'egress': start
[02:47:34.609] [bmv2] [T] [thread 108528] [4.0] [cxt 0] kvstore.p4(264) Condition "meta.nextInd.i <= ((bit<8>) hdr.request.key2 - (bit<8>) hdr.request.key1)" (node_8) is true
[02:47:34.609] [bmv2] [T] [thread 108528] [4.0] [cxt 0] kvstore.p4(265) Condition "hdr.ipv4.isValid() && hdr.request.reqType > 1" (node_9) is false
[02:47:34.609] [bmv2] [D] [thread 108528] [4.0] [cxt 0] Pipeline 'egress': end
[02:47:34.609] [bmv2] [D] [thread 108528] [4.0] [cxt 0] Deparser 'deparser': start
[02:47:34.609] [bmv2] [T] [thread 108528] [4.0] [cxt 0] Skipping checksum 'cksum' update because condition not met
[02:47:34.609] [bmv2] [D] [thread 108528] [4.0] [cxt 0] Deparsing header 'ethernet'
[02:47:34.609] [bmv2] [D] [thread 108528] [4.0] [cxt 0] Deparser 'deparser': end
[02:47:34.609] [bmv2] [D] [thread 108532] [4.0] [cxt 0] Transmitting packet of size 70 out of port 0
[02:47:52.780] [bmv2] [D] [thread 108527] [5.0] [cxt 0] Processing packet received on port 1
[02:47:52.780] [bmv2] [D] [thread 108527] [5.0] [cxt 0] Parser 'parser': start
[02:47:52.780] [bmv2] [D] [thread 108527] [5.0] [cxt 0] Parser 'parser' entering state 'start'
[02:47:52.780] [bmv2] [D] [thread 108527] [5.0] [cxt 0] Extracting header 'ethernet'
[02:47:52.780] [bmv2] [D] [thread 108527] [5.0] [cxt 0] Parser state 'start': key is 86dd
[02:47:52.780] [bmv2] [T] [thread 108527] [5.0] [cxt 0] Bytes parsed: 14
[02:47:52.780] [bmv2] [D] [thread 108527] [5.0] [cxt 0] Parser 'parser': end
[02:47:52.780] [bmv2] [D] [thread 108527] [5.0] [cxt 0] Pipeline 'ingress': start
[02:47:52.780] [bmv2] [T] [thread 108527] [5.0] [cxt 0] kvstore.p4(237) Condition "hdr.request.ping == 0" (node_2) is true
[02:47:52.780] [bmv2] [T] [thread 108527] [5.0] [cxt 0] kvstore.p4(238) Condition "hdr.ipv4.isValid() && hdr.ipv4.ttl > 0" (node_3) is false
[02:47:52.780] [bmv2] [D] [thread 108527] [5.0] [cxt 0] Pipeline 'ingress': end
[02:47:52.780] [bmv2] [D] [thread 108527] [5.0] [cxt 0] Egress port is 0
[02:47:52.780] [bmv2] [D] [thread 108527] [6.0] [cxt 0] Processing packet received on port 1
[02:47:52.780] [bmv2] [D] [thread 108527] [6.0] [cxt 0] Parser 'parser': start
[02:47:52.780] [bmv2] [D] [thread 108527] [6.0] [cxt 0] Parser 'parser' entering state 'start'
[02:47:52.780] [bmv2] [D] [thread 108527] [6.0] [cxt 0] Extracting header 'ethernet'
[02:47:52.780] [bmv2] [D] [thread 108527] [6.0] [cxt 0] Parser state 'start': key is 86dd
[02:47:52.780] [bmv2] [T] [thread 108527] [6.0] [cxt 0] Bytes parsed: 14
[02:47:52.780] [bmv2] [D] [thread 108527] [6.0] [cxt 0] Parser 'parser': end
[02:47:52.780] [bmv2] [D] [thread 108527] [6.0] [cxt 0] Pipeline 'ingress': start
[02:47:52.781] [bmv2] [T] [thread 108527] [6.0] [cxt 0] kvstore.p4(237) Condition "hdr.request.ping == 0" (node_2) is true
[02:47:52.781] [bmv2] [T] [thread 108527] [6.0] [cxt 0] kvstore.p4(238) Condition "hdr.ipv4.isValid() && hdr.ipv4.ttl > 0" (node_3) is false
[02:47:52.781] [bmv2] [D] [thread 108527] [6.0] [cxt 0] Pipeline 'ingress': end
[02:47:52.781] [bmv2] [D] [thread 108527] [6.0] [cxt 0] Egress port is 0
[02:47:52.780] [bmv2] [D] [thread 108528] [5.0] [cxt 0] Pipeline 'egress': start
[02:47:52.781] [bmv2] [T] [thread 108528] [5.0] [cxt 0] kvstore.p4(264) Condition "meta.nextInd.i <= ((bit<8>) hdr.request.key2 - (bit<8>) hdr.request.key1)" (node_8) is true
[02:47:52.781] [bmv2] [T] [thread 108528] [5.0] [cxt 0] kvstore.p4(265) Condition "hdr.ipv4.isValid() && hdr.request.reqType > 1" (node_9) is false
[02:47:52.781] [bmv2] [D] [thread 108528] [5.0] [cxt 0] Pipeline 'egress': end
[02:47:52.781] [bmv2] [D] [thread 108528] [5.0] [cxt 0] Deparser 'deparser': start
[02:47:52.781] [bmv2] [T] [thread 108528] [5.0] [cxt 0] Skipping checksum 'cksum' update because condition not met
[02:47:52.781] [bmv2] [D] [thread 108528] [5.0] [cxt 0] Deparsing header 'ethernet'
[02:47:52.781] [bmv2] [D] [thread 108528] [5.0] [cxt 0] Deparser 'deparser': end
[02:47:52.781] [bmv2] [D] [thread 108528] [6.0] [cxt 0] Pipeline 'egress': start
[02:47:52.781] [bmv2] [T] [thread 108528] [6.0] [cxt 0] kvstore.p4(264) Condition "meta.nextInd.i <= ((bit<8>) hdr.request.key2 - (bit<8>) hdr.request.key1)" (node_8) is true
[02:47:52.781] [bmv2] [T] [thread 108528] [6.0] [cxt 0] kvstore.p4(265) Condition "hdr.ipv4.isValid() && hdr.request.reqType > 1" (node_9) is false
[02:47:52.781] [bmv2] [D] [thread 108528] [6.0] [cxt 0] Pipeline 'egress': end
[02:47:52.781] [bmv2] [D] [thread 108528] [6.0] [cxt 0] Deparser 'deparser': start
[02:47:52.781] [bmv2] [T] [thread 108528] [6.0] [cxt 0] Skipping checksum 'cksum' update because condition not met
[02:47:52.781] [bmv2] [D] [thread 108528] [6.0] [cxt 0] Deparsing header 'ethernet'
[02:47:52.782] [bmv2] [D] [thread 108528] [6.0] [cxt 0] Deparser 'deparser': end
[02:47:52.782] [bmv2] [D] [thread 108532] [5.0] [cxt 0] Transmitting packet of size 70 out of port 0
[02:47:52.782] [bmv2] [D] [thread 108532] [6.0] [cxt 0] Transmitting packet of size 70 out of port 0
[02:48:25.546] [bmv2] [D] [thread 108527] [7.0] [cxt 0] Processing packet received on port 1
[02:48:25.546] [bmv2] [D] [thread 108527] [7.0] [cxt 0] Parser 'parser': start
[02:48:25.546] [bmv2] [D] [thread 108527] [7.0] [cxt 0] Parser 'parser' entering state 'start'
[02:48:25.546] [bmv2] [D] [thread 108527] [7.0] [cxt 0] Extracting header 'ethernet'
[02:48:25.546] [bmv2] [D] [thread 108527] [7.0] [cxt 0] Parser state 'start': key is 86dd
[02:48:25.546] [bmv2] [T] [thread 108527] [7.0] [cxt 0] Bytes parsed: 14
[02:48:25.546] [bmv2] [D] [thread 108527] [7.0] [cxt 0] Parser 'parser': end
[02:48:25.546] [bmv2] [D] [thread 108527] [7.0] [cxt 0] Pipeline 'ingress': start
[02:48:25.546] [bmv2] [T] [thread 108527] [7.0] [cxt 0] kvstore.p4(237) Condition "hdr.request.ping == 0" (node_2) is true
[02:48:25.546] [bmv2] [T] [thread 108527] [7.0] [cxt 0] kvstore.p4(238) Condition "hdr.ipv4.isValid() && hdr.ipv4.ttl > 0" (node_3) is false
[02:48:25.547] [bmv2] [D] [thread 108527] [7.0] [cxt 0] Pipeline 'ingress': end
[02:48:25.547] [bmv2] [D] [thread 108527] [7.0] [cxt 0] Egress port is 0
[02:48:25.547] [bmv2] [D] [thread 108528] [7.0] [cxt 0] Pipeline 'egress': start
[02:48:25.547] [bmv2] [T] [thread 108528] [7.0] [cxt 0] kvstore.p4(264) Condition "meta.nextInd.i <= ((bit<8>) hdr.request.key2 - (bit<8>) hdr.request.key1)" (node_8) is true
[02:48:25.547] [bmv2] [T] [thread 108528] [7.0] [cxt 0] kvstore.p4(265) Condition "hdr.ipv4.isValid() && hdr.request.reqType > 1" (node_9) is false
[02:48:25.547] [bmv2] [D] [thread 108528] [7.0] [cxt 0] Pipeline 'egress': end
[02:48:25.547] [bmv2] [D] [thread 108528] [7.0] [cxt 0] Deparser 'deparser': start
[02:48:25.547] [bmv2] [T] [thread 108528] [7.0] [cxt 0] Skipping checksum 'cksum' update because condition not met
[02:48:25.547] [bmv2] [D] [thread 108528] [7.0] [cxt 0] Deparsing header 'ethernet'
[02:48:25.547] [bmv2] [D] [thread 108528] [7.0] [cxt 0] Deparser 'deparser': end
[02:48:25.547] [bmv2] [D] [thread 108532] [7.0] [cxt 0] Transmitting packet of size 70 out of port 0
[02:48:29.639] [bmv2] [D] [thread 108527] [8.0] [cxt 0] Processing packet received on port 1
[02:48:29.639] [bmv2] [D] [thread 108527] [8.0] [cxt 0] Parser 'parser': start
[02:48:29.639] [bmv2] [D] [thread 108527] [8.0] [cxt 0] Parser 'parser' entering state 'start'
[02:48:29.639] [bmv2] [D] [thread 108527] [8.0] [cxt 0] Extracting header 'ethernet'
[02:48:29.639] [bmv2] [D] [thread 108527] [8.0] [cxt 0] Parser state 'start': key is 86dd
[02:48:29.640] [bmv2] [T] [thread 108527] [8.0] [cxt 0] Bytes parsed: 14
[02:48:29.640] [bmv2] [D] [thread 108527] [8.0] [cxt 0] Parser 'parser': end
[02:48:29.640] [bmv2] [D] [thread 108527] [8.0] [cxt 0] Pipeline 'ingress': start
[02:48:29.640] [bmv2] [T] [thread 108527] [8.0] [cxt 0] kvstore.p4(237) Condition "hdr.request.ping == 0" (node_2) is true
[02:48:29.640] [bmv2] [T] [thread 108527] [8.0] [cxt 0] kvstore.p4(238) Condition "hdr.ipv4.isValid() && hdr.ipv4.ttl > 0" (node_3) is false
[02:48:29.640] [bmv2] [D] [thread 108527] [8.0] [cxt 0] Pipeline 'ingress': end
[02:48:29.640] [bmv2] [D] [thread 108527] [8.0] [cxt 0] Egress port is 0
[02:48:29.640] [bmv2] [D] [thread 108528] [8.0] [cxt 0] Pipeline 'egress': start
[02:48:29.640] [bmv2] [T] [thread 108528] [8.0] [cxt 0] kvstore.p4(264) Condition "meta.nextInd.i <= ((bit<8>) hdr.request.key2 - (bit<8>) hdr.request.key1)" (node_8) is true
[02:48:29.640] [bmv2] [T] [thread 108528] [8.0] [cxt 0] kvstore.p4(265) Condition "hdr.ipv4.isValid() && hdr.request.reqType > 1" (node_9) is false
[02:48:29.640] [bmv2] [D] [thread 108528] [8.0] [cxt 0] Pipeline 'egress': end
[02:48:29.640] [bmv2] [D] [thread 108528] [8.0] [cxt 0] Deparser 'deparser': start
[02:48:29.640] [bmv2] [T] [thread 108528] [8.0] [cxt 0] Skipping checksum 'cksum' update because condition not met
[02:48:29.640] [bmv2] [D] [thread 108528] [8.0] [cxt 0] Deparsing header 'ethernet'
[02:48:29.640] [bmv2] [D] [thread 108528] [8.0] [cxt 0] Deparser 'deparser': end
[02:48:29.641] [bmv2] [D] [thread 108532] [8.0] [cxt 0] Transmitting packet of size 70 out of port 0
[02:49:31.081] [bmv2] [D] [thread 108527] [9.0] [cxt 0] Processing packet received on port 1
[02:49:31.081] [bmv2] [D] [thread 108527] [9.0] [cxt 0] Parser 'parser': start
[02:49:31.081] [bmv2] [D] [thread 108527] [9.0] [cxt 0] Parser 'parser' entering state 'start'
[02:49:31.081] [bmv2] [D] [thread 108527] [9.0] [cxt 0] Extracting header 'ethernet'
[02:49:31.081] [bmv2] [D] [thread 108527] [9.0] [cxt 0] Parser state 'start': key is 86dd
[02:49:31.081] [bmv2] [T] [thread 108527] [9.0] [cxt 0] Bytes parsed: 14
[02:49:31.081] [bmv2] [D] [thread 108527] [9.0] [cxt 0] Parser 'parser': end
[02:49:31.081] [bmv2] [D] [thread 108527] [9.0] [cxt 0] Pipeline 'ingress': start
[02:49:31.081] [bmv2] [T] [thread 108527] [9.0] [cxt 0] kvstore.p4(237) Condition "hdr.request.ping == 0" (node_2) is true
[02:49:31.081] [bmv2] [T] [thread 108527] [9.0] [cxt 0] kvstore.p4(238) Condition "hdr.ipv4.isValid() && hdr.ipv4.ttl > 0" (node_3) is false
[02:49:31.081] [bmv2] [D] [thread 108527] [9.0] [cxt 0] Pipeline 'ingress': end
[02:49:31.081] [bmv2] [D] [thread 108527] [9.0] [cxt 0] Egress port is 0
[02:49:31.082] [bmv2] [D] [thread 108528] [9.0] [cxt 0] Pipeline 'egress': start
[02:49:31.082] [bmv2] [T] [thread 108528] [9.0] [cxt 0] kvstore.p4(264) Condition "meta.nextInd.i <= ((bit<8>) hdr.request.key2 - (bit<8>) hdr.request.key1)" (node_8) is true
[02:49:31.082] [bmv2] [T] [thread 108528] [9.0] [cxt 0] kvstore.p4(265) Condition "hdr.ipv4.isValid() && hdr.request.reqType > 1" (node_9) is false
[02:49:31.082] [bmv2] [D] [thread 108528] [9.0] [cxt 0] Pipeline 'egress': end
[02:49:31.082] [bmv2] [D] [thread 108528] [9.0] [cxt 0] Deparser 'deparser': start
[02:49:31.082] [bmv2] [T] [thread 108528] [9.0] [cxt 0] Skipping checksum 'cksum' update because condition not met
[02:49:31.082] [bmv2] [D] [thread 108528] [9.0] [cxt 0] Deparsing header 'ethernet'
[02:49:31.082] [bmv2] [D] [thread 108528] [9.0] [cxt 0] Deparser 'deparser': end
[02:49:31.083] [bmv2] [D] [thread 108532] [9.0] [cxt 0] Transmitting packet of size 70 out of port 0
[02:49:37.224] [bmv2] [D] [thread 108527] [10.0] [cxt 0] Processing packet received on port 1
[02:49:37.224] [bmv2] [D] [thread 108527] [10.0] [cxt 0] Parser 'parser': start
[02:49:37.224] [bmv2] [D] [thread 108527] [10.0] [cxt 0] Parser 'parser' entering state 'start'
[02:49:37.224] [bmv2] [D] [thread 108527] [10.0] [cxt 0] Extracting header 'ethernet'
[02:49:37.224] [bmv2] [D] [thread 108527] [10.0] [cxt 0] Parser state 'start': key is 86dd
[02:49:37.224] [bmv2] [T] [thread 108527] [10.0] [cxt 0] Bytes parsed: 14
[02:49:37.224] [bmv2] [D] [thread 108527] [10.0] [cxt 0] Parser 'parser': end
[02:49:37.224] [bmv2] [D] [thread 108527] [10.0] [cxt 0] Pipeline 'ingress': start
[02:49:37.224] [bmv2] [T] [thread 108527] [10.0] [cxt 0] kvstore.p4(237) Condition "hdr.request.ping == 0" (node_2) is true
[02:49:37.224] [bmv2] [T] [thread 108527] [10.0] [cxt 0] kvstore.p4(238) Condition "hdr.ipv4.isValid() && hdr.ipv4.ttl > 0" (node_3) is false
[02:49:37.224] [bmv2] [D] [thread 108527] [10.0] [cxt 0] Pipeline 'ingress': end
[02:49:37.224] [bmv2] [D] [thread 108527] [10.0] [cxt 0] Egress port is 0
[02:49:37.224] [bmv2] [D] [thread 108528] [10.0] [cxt 0] Pipeline 'egress': start
[02:49:37.224] [bmv2] [T] [thread 108528] [10.0] [cxt 0] kvstore.p4(264) Condition "meta.nextInd.i <= ((bit<8>) hdr.request.key2 - (bit<8>) hdr.request.key1)" (node_8) is true
[02:49:37.224] [bmv2] [T] [thread 108528] [10.0] [cxt 0] kvstore.p4(265) Condition "hdr.ipv4.isValid() && hdr.request.reqType > 1" (node_9) is false
[02:49:37.224] [bmv2] [D] [thread 108528] [10.0] [cxt 0] Pipeline 'egress': end
[02:49:37.224] [bmv2] [D] [thread 108528] [10.0] [cxt 0] Deparser 'deparser': start
[02:49:37.224] [bmv2] [T] [thread 108528] [10.0] [cxt 0] Skipping checksum 'cksum' update because condition not met
[02:49:37.224] [bmv2] [D] [thread 108528] [10.0] [cxt 0] Deparsing header 'ethernet'
[02:49:37.224] [bmv2] [D] [thread 108528] [10.0] [cxt 0] Deparser 'deparser': end
[02:49:37.224] [bmv2] [D] [thread 108532] [10.0] [cxt 0] Transmitting packet of size 70 out of port 0
[02:51:38.056] [bmv2] [D] [thread 108527] [11.0] [cxt 0] Processing packet received on port 1
[02:51:38.057] [bmv2] [D] [thread 108527] [11.0] [cxt 0] Parser 'parser': start
[02:51:38.057] [bmv2] [D] [thread 108527] [11.0] [cxt 0] Parser 'parser' entering state 'start'
[02:51:38.057] [bmv2] [D] [thread 108527] [11.0] [cxt 0] Extracting header 'ethernet'
[02:51:38.057] [bmv2] [D] [thread 108527] [11.0] [cxt 0] Parser state 'start': key is 86dd
[02:51:38.057] [bmv2] [T] [thread 108527] [11.0] [cxt 0] Bytes parsed: 14
[02:51:38.057] [bmv2] [D] [thread 108527] [11.0] [cxt 0] Parser 'parser': end
[02:51:38.057] [bmv2] [D] [thread 108527] [11.0] [cxt 0] Pipeline 'ingress': start
[02:51:38.057] [bmv2] [T] [thread 108527] [11.0] [cxt 0] kvstore.p4(237) Condition "hdr.request.ping == 0" (node_2) is true
[02:51:38.057] [bmv2] [T] [thread 108527] [11.0] [cxt 0] kvstore.p4(238) Condition "hdr.ipv4.isValid() && hdr.ipv4.ttl > 0" (node_3) is false
[02:51:38.057] [bmv2] [D] [thread 108527] [11.0] [cxt 0] Pipeline 'ingress': end
[02:51:38.057] [bmv2] [D] [thread 108527] [11.0] [cxt 0] Egress port is 0
[02:51:38.057] [bmv2] [D] [thread 108528] [11.0] [cxt 0] Pipeline 'egress': start
[02:51:38.057] [bmv2] [T] [thread 108528] [11.0] [cxt 0] kvstore.p4(264) Condition "meta.nextInd.i <= ((bit<8>) hdr.request.key2 - (bit<8>) hdr.request.key1)" (node_8) is true
[02:51:38.057] [bmv2] [T] [thread 108528] [11.0] [cxt 0] kvstore.p4(265) Condition "hdr.ipv4.isValid() && hdr.request.reqType > 1" (node_9) is false
[02:51:38.057] [bmv2] [D] [thread 108528] [11.0] [cxt 0] Pipeline 'egress': end
[02:51:38.057] [bmv2] [D] [thread 108528] [11.0] [cxt 0] Deparser 'deparser': start
[02:51:38.057] [bmv2] [T] [thread 108528] [11.0] [cxt 0] Skipping checksum 'cksum' update because condition not met
[02:51:38.057] [bmv2] [D] [thread 108528] [11.0] [cxt 0] Deparsing header 'ethernet'
[02:51:38.057] [bmv2] [D] [thread 108528] [11.0] [cxt 0] Deparser 'deparser': end
[02:51:38.058] [bmv2] [D] [thread 108532] [11.0] [cxt 0] Transmitting packet of size 70 out of port 0
[02:51:50.344] [bmv2] [D] [thread 108527] [12.0] [cxt 0] Processing packet received on port 1
[02:51:50.344] [bmv2] [D] [thread 108527] [12.0] [cxt 0] Parser 'parser': start
[02:51:50.344] [bmv2] [D] [thread 108527] [12.0] [cxt 0] Parser 'parser' entering state 'start'
[02:51:50.344] [bmv2] [D] [thread 108527] [12.0] [cxt 0] Extracting header 'ethernet'
[02:51:50.344] [bmv2] [D] [thread 108527] [12.0] [cxt 0] Parser state 'start': key is 86dd
[02:51:50.344] [bmv2] [T] [thread 108527] [12.0] [cxt 0] Bytes parsed: 14
[02:51:50.344] [bmv2] [D] [thread 108527] [12.0] [cxt 0] Parser 'parser': end
[02:51:50.344] [bmv2] [D] [thread 108527] [12.0] [cxt 0] Pipeline 'ingress': start
[02:51:50.344] [bmv2] [T] [thread 108527] [12.0] [cxt 0] kvstore.p4(237) Condition "hdr.request.ping == 0" (node_2) is true
[02:51:50.345] [bmv2] [T] [thread 108527] [12.0] [cxt 0] kvstore.p4(238) Condition "hdr.ipv4.isValid() && hdr.ipv4.ttl > 0" (node_3) is false
[02:51:50.345] [bmv2] [D] [thread 108527] [12.0] [cxt 0] Pipeline 'ingress': end
[02:51:50.345] [bmv2] [D] [thread 108527] [12.0] [cxt 0] Egress port is 0
[02:51:50.346] [bmv2] [D] [thread 108528] [12.0] [cxt 0] Pipeline 'egress': start
[02:51:50.346] [bmv2] [T] [thread 108528] [12.0] [cxt 0] kvstore.p4(264) Condition "meta.nextInd.i <= ((bit<8>) hdr.request.key2 - (bit<8>) hdr.request.key1)" (node_8) is true
[02:51:50.346] [bmv2] [T] [thread 108528] [12.0] [cxt 0] kvstore.p4(265) Condition "hdr.ipv4.isValid() && hdr.request.reqType > 1" (node_9) is false
[02:51:50.346] [bmv2] [D] [thread 108528] [12.0] [cxt 0] Pipeline 'egress': end
[02:51:50.347] [bmv2] [D] [thread 108528] [12.0] [cxt 0] Deparser 'deparser': start
[02:51:50.347] [bmv2] [T] [thread 108528] [12.0] [cxt 0] Skipping checksum 'cksum' update because condition not met
[02:51:50.347] [bmv2] [D] [thread 108528] [12.0] [cxt 0] Deparsing header 'ethernet'
[02:51:50.347] [bmv2] [D] [thread 108528] [12.0] [cxt 0] Deparser 'deparser': end
[02:51:50.347] [bmv2] [D] [thread 108532] [12.0] [cxt 0] Transmitting packet of size 70 out of port 0
[02:55:56.105] [bmv2] [D] [thread 108527] [13.0] [cxt 0] Processing packet received on port 1
[02:55:56.106] [bmv2] [D] [thread 108527] [13.0] [cxt 0] Parser 'parser': start
[02:55:56.106] [bmv2] [D] [thread 108527] [13.0] [cxt 0] Parser 'parser' entering state 'start'
[02:55:56.106] [bmv2] [D] [thread 108527] [13.0] [cxt 0] Extracting header 'ethernet'
[02:55:56.106] [bmv2] [D] [thread 108527] [13.0] [cxt 0] Parser state 'start': key is 86dd
[02:55:56.106] [bmv2] [T] [thread 108527] [13.0] [cxt 0] Bytes parsed: 14
[02:55:56.106] [bmv2] [D] [thread 108527] [13.0] [cxt 0] Parser 'parser': end
[02:55:56.106] [bmv2] [D] [thread 108527] [13.0] [cxt 0] Pipeline 'ingress': start
[02:55:56.106] [bmv2] [T] [thread 108527] [13.0] [cxt 0] kvstore.p4(237) Condition "hdr.request.ping == 0" (node_2) is true
[02:55:56.106] [bmv2] [T] [thread 108527] [13.0] [cxt 0] kvstore.p4(238) Condition "hdr.ipv4.isValid() && hdr.ipv4.ttl > 0" (node_3) is false
[02:55:56.106] [bmv2] [D] [thread 108527] [13.0] [cxt 0] Pipeline 'ingress': end
[02:55:56.106] [bmv2] [D] [thread 108527] [13.0] [cxt 0] Egress port is 0
[02:55:56.106] [bmv2] [D] [thread 108528] [13.0] [cxt 0] Pipeline 'egress': start
[02:55:56.106] [bmv2] [T] [thread 108528] [13.0] [cxt 0] kvstore.p4(264) Condition "meta.nextInd.i <= ((bit<8>) hdr.request.key2 - (bit<8>) hdr.request.key1)" (node_8) is true
[02:55:56.106] [bmv2] [T] [thread 108528] [13.0] [cxt 0] kvstore.p4(265) Condition "hdr.ipv4.isValid() && hdr.request.reqType > 1" (node_9) is false
[02:55:56.106] [bmv2] [D] [thread 108528] [13.0] [cxt 0] Pipeline 'egress': end
[02:55:56.106] [bmv2] [D] [thread 108528] [13.0] [cxt 0] Deparser 'deparser': start
[02:55:56.106] [bmv2] [T] [thread 108528] [13.0] [cxt 0] Skipping checksum 'cksum' update because condition not met
[02:55:56.106] [bmv2] [D] [thread 108528] [13.0] [cxt 0] Deparsing header 'ethernet'
[02:55:56.106] [bmv2] [D] [thread 108528] [13.0] [cxt 0] Deparser 'deparser': end
[02:55:56.106] [bmv2] [D] [thread 108532] [13.0] [cxt 0] Transmitting packet of size 70 out of port 0
[02:56:12.488] [bmv2] [D] [thread 108527] [14.0] [cxt 0] Processing packet received on port 1
[02:56:12.488] [bmv2] [D] [thread 108527] [14.0] [cxt 0] Parser 'parser': start
[02:56:12.488] [bmv2] [D] [thread 108527] [14.0] [cxt 0] Parser 'parser' entering state 'start'
[02:56:12.488] [bmv2] [D] [thread 108527] [14.0] [cxt 0] Extracting header 'ethernet'
[02:56:12.488] [bmv2] [D] [thread 108527] [14.0] [cxt 0] Parser state 'start': key is 86dd
[02:56:12.488] [bmv2] [T] [thread 108527] [14.0] [cxt 0] Bytes parsed: 14
[02:56:12.488] [bmv2] [D] [thread 108527] [14.0] [cxt 0] Parser 'parser': end
[02:56:12.488] [bmv2] [D] [thread 108527] [14.0] [cxt 0] Pipeline 'ingress': start
[02:56:12.488] [bmv2] [T] [thread 108527] [14.0] [cxt 0] kvstore.p4(237) Condition "hdr.request.ping == 0" (node_2) is true
[02:56:12.488] [bmv2] [T] [thread 108527] [14.0] [cxt 0] kvstore.p4(238) Condition "hdr.ipv4.isValid() && hdr.ipv4.ttl > 0" (node_3) is false
[02:56:12.488] [bmv2] [D] [thread 108527] [14.0] [cxt 0] Pipeline 'ingress': end
[02:56:12.488] [bmv2] [D] [thread 108527] [14.0] [cxt 0] Egress port is 0
[02:56:12.489] [bmv2] [D] [thread 108528] [14.0] [cxt 0] Pipeline 'egress': start
[02:56:12.489] [bmv2] [T] [thread 108528] [14.0] [cxt 0] kvstore.p4(264) Condition "meta.nextInd.i <= ((bit<8>) hdr.request.key2 - (bit<8>) hdr.request.key1)" (node_8) is true
[02:56:12.489] [bmv2] [T] [thread 108528] [14.0] [cxt 0] kvstore.p4(265) Condition "hdr.ipv4.isValid() && hdr.request.reqType > 1" (node_9) is false
[02:56:12.489] [bmv2] [D] [thread 108528] [14.0] [cxt 0] Pipeline 'egress': end
[02:56:12.489] [bmv2] [D] [thread 108528] [14.0] [cxt 0] Deparser 'deparser': start
[02:56:12.489] [bmv2] [T] [thread 108528] [14.0] [cxt 0] Skipping checksum 'cksum' update because condition not met
[02:56:12.489] [bmv2] [D] [thread 108528] [14.0] [cxt 0] Deparsing header 'ethernet'
[02:56:12.489] [bmv2] [D] [thread 108528] [14.0] [cxt 0] Deparser 'deparser': end
[02:56:12.489] [bmv2] [D] [thread 108532] [14.0] [cxt 0] Transmitting packet of size 70 out of port 0
open: No such file or directory
